<?xml version="1.0" encoding="UTF-8"?>
<testng-results skipped="0" failed="0" ignored="0" total="1" passed="1">
  <reporter-output>
  </reporter-output>
  <suite name="Default suite" duration-ms="22760" started-at="2019-08-05T13:39:05Z" finished-at="2019-08-05T13:39:28Z">
    <groups>
    </groups>
    <test name="Default test" duration-ms="22760" started-at="2019-08-05T13:39:05Z" finished-at="2019-08-05T13:39:28Z">
      <class name="tests.ioSampleTest">
        <test-method status="PASS" signature="setup()[pri:0, instance:tests.ioSampleTest@1a968a59]" name="setup" is-config="true" duration-ms="15958" started-at="2019-08-05T13:39:05Z" finished-at="2019-08-05T13:39:21Z">
          <reporter-output>
          </reporter-output>
        </test-method> <!-- setup -->
        <test-method status="PASS" signature="basicTest()[pri:0, instance:tests.ioSampleTest@1a968a59]" name="basicTest" duration-ms="5619" started-at="2019-08-05T13:39:21Z" finished-at="2019-08-05T13:39:27Z">
          <reporter-output>
          </reporter-output>
        </test-method> <!-- basicTest -->
        <test-method status="PASS" signature="teardown()[pri:0, instance:tests.ioSampleTest@1a968a59]" name="teardown" is-config="true" duration-ms="1145" started-at="2019-08-05T13:39:27Z" finished-at="2019-08-05T13:39:28Z">
          <reporter-output>
          </reporter-output>
        </test-method> <!-- teardown -->
      </class> <!-- tests.ioSampleTest -->
    </test> <!-- Default test -->
  </suite> <!-- Default suite -->
</testng-results>
