<?xml version="1.0" encoding="UTF-8"?>
<!-- Generated by org.testng.reporters.JUnitXMLReporter -->
<testsuite hostname="DESKTOP-E205GQ8" ignored="0" name="Default test" tests="4" failures="0" timestamp="21 Nov 2020 12:08:46 GMT" time="80.803" errors="0">
  <testcase name="test1" time="24.348" classname="com.testautomation.grid.AppiumSeGridDemo"/>
  <testcase name="test2" time="15.956" classname="com.testautomation.grid.AppiumSeGridDemo"/>
  <testcase name="test3" time="25.899" classname="com.testautomation.grid.AppiumSeGridDemo"/>
  <testcase name="test4" time="14.534" classname="com.testautomation.grid.AppiumSeGridDemo"/>
</testsuite> <!-- Default test -->
