<?xml version="1.0" encoding="UTF-8"?>
<testng-results skipped="0" failed="0" ignored="0" total="1" passed="1">
  <reporter-output>
  </reporter-output>
  <suite name="Default suite" duration-ms="17967" started-at="2019-08-06T03:23:10Z" finished-at="2019-08-06T03:23:28Z">
    <groups>
    </groups>
    <test name="Default test" duration-ms="17967" started-at="2019-08-06T03:23:10Z" finished-at="2019-08-06T03:23:28Z">
      <class name="com.example.appium.SmokeSuite">
        <test-method status="PASS" signature="beforeSuite()[pri:0, instance:com.example.appium.SmokeSuite@1a968a59]" name="beforeSuite" is-config="true" duration-ms="33647" started-at="2019-08-06T03:22:37Z" finished-at="2019-08-06T03:23:10Z">
          <reporter-output>
          </reporter-output>
        </test-method> <!-- beforeSuite -->
        <test-method status="PASS" signature="SmokeTest()[pri:0, instance:com.example.appium.SmokeSuite@1a968a59]" name="SmokeTest" duration-ms="17943" started-at="2019-08-06T03:23:11Z" finished-at="2019-08-06T03:23:28Z">
          <reporter-output>
          </reporter-output>
        </test-method> <!-- SmokeTest -->
        <test-method status="PASS" signature="afterSuite()[pri:0, instance:com.example.appium.SmokeSuite@1a968a59]" name="afterSuite" is-config="true" duration-ms="2871" started-at="2019-08-06T03:23:28Z" finished-at="2019-08-06T03:23:31Z">
          <reporter-output>
          </reporter-output>
        </test-method> <!-- afterSuite -->
      </class> <!-- com.example.appium.SmokeSuite -->
    </test> <!-- Default test -->
  </suite> <!-- Default suite -->
</testng-results>
